[debug] [2023-03-03T21:12:12.914Z] ----------------------------------------------------------------------
[debug] [2023-03-03T21:12:12.915Z] Command:       /Users/carlonatter/.nvm/versions/node/v18.14.2/bin/node /opt/homebrew/bin/firebase login
[debug] [2023-03-03T21:12:12.916Z] CLI Version:   11.24.0
[debug] [2023-03-03T21:12:12.916Z] Platform:      darwin
[debug] [2023-03-03T21:12:12.916Z] Node Version:  v18.14.2
[debug] [2023-03-03T21:12:12.917Z] Time:          Fri Mar 03 2023 22:12:12 GMT+0100 (Central European Standard Time)
[debug] [2023-03-03T21:12:12.917Z] ----------------------------------------------------------------------
[debug] 
[info] i  Firebase optionally collects CLI and Emulator Suite usage and error reporting information to help improve our products. Data is collected in accordance with Google's privacy policy (https://policies.google.com/privacy) and is not used to identify you.
 
[info] 
[info] Visit this URL on this device to log in:
[info] https://accounts.google.com/o/oauth2/auth?client_id=563584335869-fgrhgmd47bqnekij5i8b5pr03ho849e6.apps.googleusercontent.com&scope=email%20openid%20https%3A%2F%2Fwww.googleapis.com%2Fauth%2Fcloudplatformprojects.readonly%20https%3A%2F%2Fwww.googleapis.com%2Fauth%2Ffirebase%20https%3A%2F%2Fwww.googleapis.com%2Fauth%2Fcloud-platform&response_type=code&state=884552470&redirect_uri=http%3A%2F%2Flocalhost%3A9005
[info] 
[info] Waiting for authentication...
[debug] [2023-03-03T21:13:06.271Z] ----------------------------------------------------------------------
[debug] [2023-03-03T21:13:06.272Z] Command:       /Users/carlonatter/.nvm/versions/node/v18.14.2/bin/node /opt/homebrew/bin/firebase login
[debug] [2023-03-03T21:13:06.272Z] CLI Version:   11.24.0
[debug] [2023-03-03T21:13:06.272Z] Platform:      darwin
[debug] [2023-03-03T21:13:06.272Z] Node Version:  v18.14.2
[debug] [2023-03-03T21:13:06.273Z] Time:          Fri Mar 03 2023 22:13:06 GMT+0100 (Central European Standard Time)
[debug] [2023-03-03T21:13:06.273Z] ----------------------------------------------------------------------
[debug] 
[info] i  Firebase optionally collects CLI and Emulator Suite usage and error reporting information to help improve our products. Data is collected in accordance with Google's privacy policy (https://policies.google.com/privacy) and is not used to identify you.
 
[info] 
[info] Visit this URL on this device to log in:
[info] https://accounts.google.com/o/oauth2/auth?client_id=563584335869-fgrhgmd47bqnekij5i8b5pr03ho849e6.apps.googleusercontent.com&scope=email%20openid%20https%3A%2F%2Fwww.googleapis.com%2Fauth%2Fcloudplatformprojects.readonly%20https%3A%2F%2Fwww.googleapis.com%2Fauth%2Ffirebase%20https%3A%2F%2Fwww.googleapis.com%2Fauth%2Fcloud-platform&response_type=code&state=680651824&redirect_uri=http%3A%2F%2Flocalhost%3A9005
[info] 
[info] Waiting for authentication...
